C51 COMPILER V9.54   MAIN                                                                  10/24/2025 11:02:07 PAGE 1   


C51 COMPILER V9.54, COMPILATION OF MODULE MAIN
OBJECT MODULE PLACED IN .\Objects\main.obj
COMPILER INVOKED BY: D:\Keil5\C51\BIN\C51.EXE main.c OPTIMIZE(8,SPEED) BROWSE DEBUG OBJECTEXTEND PRINT(.\Listings\main.l
                    -st) OBJECT(.\Objects\main.obj)

line level    source

   1          /**
   2           ****************************************************************************************************
   3           * @file        main.c
   4           * @author      jna
   5           * @date        2025-09-25
   6           * @brief       DS1302实时时钟
   7           * @email       2944309620@qq.com
   8           ****************************************************************************************************
   9           * @attention
  10           *
  11           * 实验平台:STC89C52开发板
  12           *
  13           ****************************************************************************************************
  14           */
  15          #include <REGX52.H>
  16          #include "LCD1602.h"
  17          #include "DS1302.h"
  18          #include "Delay.h"
  19          #include "DS1302_Reg.h"
  20          
  21          void main()
  22          {
  23   1              unsigned char Year=0,Month=0,Date=0,Hour=0,Minute=0,Second=0;
  24   1              LCD_Init();
  25   1              
  26   1              DS1302_SetTime(0x25,0x09,0x25,0x23,0x59,0x56);  //参数分别表示年月日时分秒,在这里即可修
             -改时间
  27   1              
  28   1              LCD_ShowString(2,3,":");
  29   1              LCD_ShowString(2,6,":");
  30   1              LCD_ShowString(1,3,"-");
  31   1              LCD_ShowString(1,6,"-");
  32   1                      
  33   1              while(1)                
  34   1              {
  35   2                      DS1302_ReadTime(&Year,&Month,&Date,&Hour,&Minute,&Second);  //去读取时间存放在变量里
  36   2                      LCD_ShowNum(1,1,Year,2);
  37   2                      LCD_ShowNum(1,4,Month,2);
  38   2                      LCD_ShowNum(1,7,Date,2);
  39   2                      LCD_ShowNum(2,7,Second,2); 
  40   2                      LCD_ShowNum(2,4,Minute,2);
  41   2                      LCD_ShowNum(2,1,Hour,2);
  42   2              }
  43   1      }
  44          


MODULE INFORMATION:   STATIC OVERLAYABLE
   CODE SIZE        =    233    ----
   CONSTANT SIZE    =      4    ----
   XDATA SIZE       =   ----    ----
   PDATA SIZE       =   ----    ----
   DATA SIZE        =   ----       6
   IDATA SIZE       =   ----    ----
C51 COMPILER V9.54   MAIN                                                                  10/24/2025 11:02:07 PAGE 2   

   BIT SIZE         =   ----    ----
END OF MODULE INFORMATION.


C51 COMPILATION COMPLETE.  0 WARNING(S),  0 ERROR(S)
