C51 COMPILER V9.54   DELAY                                                                 10/23/2025 13:40:25 PAGE 1   


C51 COMPILER V9.54, COMPILATION OF MODULE DELAY
OBJECT MODULE PLACED IN .\Objects\Delay.obj
COMPILER INVOKED BY: D:\Keil5\C51\BIN\C51.EXE Delay.c OPTIMIZE(8,SPEED) BROWSE DEBUG OBJECTEXTEND PRINT(.\Listings\Delay
                    -.lst) OBJECT(.\Objects\Delay.obj)

line level    source

   1          #include <REGX52.H>
   2          
   3          void Delay10us(void)    //@11.0592MHz  延时10us
   4          {
   5   1              unsigned char data i;
   6   1      
   7   1              i = 2;
   8   1              while (--i);
   9   1      }
  10          
  11          void Delay(unsigned int xms)    //@11.0592MHz
  12          {
  13   1              unsigned char data i, j;
  14   1      
  15   1              while(xms--)
  16   1              {
  17   2                      i = 2;
  18   2                      j = 199;
  19   2                      do
  20   2                      {
  21   3                              while (--j);
  22   3                      } while (--i);          
  23   2              }
  24   1      
  25   1      }
  26          


MODULE INFORMATION:   STATIC OVERLAYABLE
   CODE SIZE        =     26    ----
   CONSTANT SIZE    =   ----    ----
   XDATA SIZE       =   ----    ----
   PDATA SIZE       =   ----    ----
   DATA SIZE        =   ----    ----
   IDATA SIZE       =   ----    ----
   BIT SIZE         =   ----    ----
END OF MODULE INFORMATION.


C51 COMPILATION COMPLETE.  0 WARNING(S),  0 ERROR(S)
