C51 COMPILER V9.54   TIMER0                                                                09/24/2025 10:20:22 PAGE 1   


C51 COMPILER V9.54, COMPILATION OF MODULE TIMER0
OBJECT MODULE PLACED IN .\Objects\Timer0.obj
COMPILER INVOKED BY: D:\Keil5\C51\BIN\C51.EXE Timer0.c OPTIMIZE(8,SPEED) BROWSE DEBUG OBJECTEXTEND PRINT(.\Listings\Time
                    -r0.lst) OBJECT(.\Objects\Timer0.obj)

line level    source

   1          #include <REGX52.H>
   2          
   3          sbit DS1302_SCLK=P3^6;
   4          
   5          void Timer0_Init(void)   //10us进一次中断
   6          {
   7   1              TMOD&=0xF0;
   8   1              TMOD|=0x01;
   9   1              TL0=0x91;
  10   1              TH0=0xFF;
  11   1              
  12   1              ET0=1;
  13   1              EA=1;
  14   1              PT0=0;
  15   1          TR0=1;      
  16   1      }
  17          
  18          void Timer0_Routine(void)   interrupt 1
  19          {
  20   1              DS1302_SCLK=1;
  21   1              DS1302_SCLK=0;
  22   1      }


MODULE INFORMATION:   STATIC OVERLAYABLE
   CODE SIZE        =     26    ----
   CONSTANT SIZE    =   ----    ----
   XDATA SIZE       =   ----    ----
   PDATA SIZE       =   ----    ----
   DATA SIZE        =   ----    ----
   IDATA SIZE       =   ----    ----
   BIT SIZE         =   ----    ----
END OF MODULE INFORMATION.


C51 COMPILATION COMPLETE.  0 WARNING(S),  0 ERROR(S)
