C51 COMPILER V9.54   MAIN                                                                  10/08/2025 19:26:45 PAGE 1   


C51 COMPILER V9.54, COMPILATION OF MODULE MAIN
OBJECT MODULE PLACED IN .\Objects\main.obj
COMPILER INVOKED BY: D:\Keil5\C51\BIN\C51.EXE main.c OPTIMIZE(8,SPEED) BROWSE DEBUG OBJECTEXTEND PRINT(.\Listings\main.l
                    -st) OBJECT(.\Objects\main.obj)

line level    source

   1          /**
   2           ****************************************************************************************************
   3           * @file        main.c
   4           * @author      jna
   5           * @date        2025-10-08
   6           * @brief       DS18B20测温度
   7           * @email       2944309620@qq.com
   8           ****************************************************************************************************
   9           * @attention
  10           *
  11           * 实验平台:STC89C52开发板
  12           *
  13           ****************************************************************************************************
  14           */
  15          
  16          #include <REGX52.H>
  17          #include "LCD1602.h"
  18          #include "DS18B20.h"
  19          #include "DS18B20_Command.h"
  20          
  21          void main()
  22          {
  23   1              float Temp;
  24   1              LCD_Init();
  25   1              LCD_ShowString(1,1,"Temperature:");
  26   1              LCD_ShowString(2,4,".");        
  27   1              
  28   1              DS18B20_InitSequence();
  29   1              DS18B20_Master_Tx_RomCommand(SKIP_ROM);
  30   1              DS18B20_Master_Tx_FunctionCommand(WRITE_SCRATCHPAD);   //设置高低温触发器、分辨率
  31   1              
  32   1              while(1)
  33   1              {
  34   2                      DS18B20_InitSequence();
  35   2                      DS18B20_Master_Tx_RomCommand(SKIP_ROM);
  36   2                      DS18B20_Master_Tx_FunctionCommand(CONVERT_T);  //温度转换
  37   2                      
  38   2                      DS18B20_InitSequence();
  39   2                      DS18B20_Master_Tx_RomCommand(SKIP_ROM);
  40   2                      DS18B20_Master_Tx_FunctionCommand(READ_SCRATCHPAD);  //读取DS18B20所有字节数据
  41   2                                      
  42   2              
  43   2                      Temp=DS18B20_GetTemperature();   //获取温度值
  44   2                      
  45   2                      LCD_ShowSignedNum(2,1,Temp,2);
  46   2                      LCD_ShowNum(2,5,(unsigned int)((Temp-(unsigned char)Temp)*10000)%10000,4);  //显示温度
  47   2                      
  48   2                      
  49   2                      DS18B20_InitSequence();
  50   2                      DS18B20_Master_Tx_RomCommand(ALARM_SEARCH);       //搜索触发温度报警的DS18B20
  51   2              }
  52   1      }
  53          

C51 COMPILER V9.54   MAIN                                                                  10/08/2025 19:26:45 PAGE 2   


MODULE INFORMATION:   STATIC OVERLAYABLE
   CODE SIZE        =    178    ----
   CONSTANT SIZE    =     15    ----
   XDATA SIZE       =   ----    ----
   PDATA SIZE       =   ----    ----
   DATA SIZE        =   ----       4
   IDATA SIZE       =   ----    ----
   BIT SIZE         =   ----    ----
END OF MODULE INFORMATION.


C51 COMPILATION COMPLETE.  0 WARNING(S),  0 ERROR(S)
